def -1
int -1
main -1
( -1
) -1
: -1
int -1
id 0
read -1
( -1
id 0
) -1
if -1
[ -1
id 1
( -1
id 0
) -1
] -1
: -1
print -1
( -1
id 0
, -1
const 2
) -1
else -1
: -1
print -1
( -1
id 0
, -1
const 3
) -1
end -1
ret -1
const 4
end -1
def -1
bool -1
id 1
( -1
int -1
id 0
) -1
: -1
if -1
[ -1
id 0
< -1
const 5
] -1
: -1
ret -1
const 6
elif -1
[ -1
id 0
=: -1
const 5
] -1
: -1
ret -1
const 7
elif -1
[ -1
id 0
% -1
const 5
=: -1
const 4
] -1
: -1
ret -1
const 6
else -1
: -1
for -1
[ -1
int -1
id 8
= -1
const 9
, -1
id 8
* -1
id 8
<= -1
id 0
, -1
id 8
+= -1
const 5
] -1
: -1
if -1
[ -1
id 0
% -1
id 8
=: -1
const 4
] -1
: -1
ret -1
const 6
end -1
ret -1
const 7
end -1
